<?xml version="1.0" encoding="UTF-8"?>
<testsuite name="RestAPI"
           tests="6"
           failures="0"
           errors="0"
           skipped="0"
           time="0.053">
    <properties></properties>



            <testcase
                name="testlogin"
                time="0.002"
                classname="DDT.DDT01">
            </testcase>
            <testcase
                name="testlogin"
                time="0.002"
                classname="DDT.DDT01">
            </testcase>
            <testcase
                name="testlogin"
                time="0.043"
                classname="DDT.DDT01">
            </testcase>
            <testcase
                name="testlogin"
                time="0.002"
                classname="DDT.DDT01">
            </testcase>
            <testcase
                name="testlogin"
                time="0.002"
                classname="DDT.DDT01">
            </testcase>
            <testcase
                name="testlogin"
                time="0.002"
                classname="DDT.DDT01">
            </testcase>
</testsuite>
