<?xml version="1.0" encoding="UTF-8"?>
<testsuite name="RestAPI"
           tests="5"
           failures="0"
           errors="0"
           skipped="0"
           time="19.315">
    <properties></properties>



            <testcase
                name="PostFunction"
                time="14.074"
                classname="TestNG.Api_chaining">
            </testcase>
            <testcase
                name="PUTFunction"
                time="1.391"
                classname="TestNG.Api_chaining">
            </testcase>
            <testcase
                name="TokenPost"
                time="1.340"
                classname="TestNG.Api_chaining">
            </testcase>
            <testcase
                name="GetFunction"
                time="1.282"
                classname="TestNG.Api_chaining">
            </testcase>
            <testcase
                name="DeleteFunction"
                time="1.228"
                classname="TestNG.Api_chaining">
            </testcase>
</testsuite>
