<?xml version="1.0" encoding="UTF-8"?>
<testsuite name="C:/Users/Lycan/IdeaProjects/RestAPI"
           tests="4"
           failures="0"
           errors="0"
           skipped="0"
           time="18.206">
    <properties></properties>



            <testcase
                name="GetFunction"
                time="1.328"
                classname="TestNG.Testng03">
            </testcase>
            <testcase
                name="PUTFunction"
                time="1.455"
                classname="TestNG.Testng03">
            </testcase>
            <testcase
                name="TokenPost"
                time="1.359"
                classname="TestNG.Testng03">
            </testcase>
            <testcase
                name="PostFunction"
                time="14.064"
                classname="TestNG.Testng03">
            </testcase>
</testsuite>
